D:\GITHUB\BACKGROUNDSUBTRACT\BACKGROUNDSUBTRACT\DEBUG\ADAPTIVEBACKGROUNDLEARNING.OBJ
D:\GITHUB\BACKGROUNDSUBTRACT\BACKGROUNDSUBTRACT\DEBUG\ADAPTIVEMEDIANBGS.OBJ
D:\GITHUB\BACKGROUNDSUBTRACT\BACKGROUNDSUBTRACT\DEBUG\ADAPTIVESELECTIVEBACKGROUNDLEARNING.OBJ
D:\GITHUB\BACKGROUNDSUBTRACT\BACKGROUNDSUBTRACT\DEBUG\BACKGROUNDSUBTRACT.EXE.EMBED.MANIFEST
D:\GITHUB\BACKGROUNDSUBTRACT\BACKGROUNDSUBTRACT\DEBUG\BACKGROUNDSUBTRACT.EXE.EMBED.MANIFEST.RES
D:\GITHUB\BACKGROUNDSUBTRACT\BACKGROUNDSUBTRACT\DEBUG\BACKGROUNDSUBTRACT.EXE.INTERMEDIATE.MANIFEST
D:\GitHub\BackgroundSubtract\BackgroundSubtract\Debug\BackgroundSubtract_manifest.rc
D:\GITHUB\BACKGROUNDSUBTRACT\BACKGROUNDSUBTRACT\DEBUG\BGMODEL.OBJ
D:\GITHUB\BACKGROUNDSUBTRACT\BACKGROUNDSUBTRACT\DEBUG\BGMODELFUZZYGAUSS.OBJ
D:\GITHUB\BACKGROUNDSUBTRACT\BACKGROUNDSUBTRACT\DEBUG\BGMODELFUZZYSOM.OBJ
D:\GITHUB\BACKGROUNDSUBTRACT\BACKGROUNDSUBTRACT\DEBUG\BGMODELGAUSS.OBJ
D:\GITHUB\BACKGROUNDSUBTRACT\BACKGROUNDSUBTRACT\DEBUG\BGMODELMOG.OBJ
D:\GITHUB\BACKGROUNDSUBTRACT\BACKGROUNDSUBTRACT\DEBUG\BGMODELSOM.OBJ
D:\GITHUB\BACKGROUNDSUBTRACT\BACKGROUNDSUBTRACT\DEBUG\BLOB.OBJ
D:\GITHUB\BACKGROUNDSUBTRACT\BACKGROUNDSUBTRACT\DEBUG\BLOBEXTRACTION.OBJ
D:\GITHUB\BACKGROUNDSUBTRACT\BACKGROUNDSUBTRACT\DEBUG\BLOBRESULT.OBJ
D:\GitHub\BackgroundSubtract\BackgroundSubtract\Debug\cl.command.1.tlog
D:\GitHub\BackgroundSubtract\BackgroundSubtract\Debug\CL.read.1.tlog
D:\GitHub\BackgroundSubtract\BackgroundSubtract\Debug\CL.write.1.tlog
D:\GITHUB\BACKGROUNDSUBTRACT\BACKGROUNDSUBTRACT\DEBUG\CMULTILAYERBGS.OBJ
D:\GITHUB\BACKGROUNDSUBTRACT\BACKGROUNDSUBTRACT\DEBUG\DEMO.OBJ
D:\GITHUB\BACKGROUNDSUBTRACT\BACKGROUNDSUBTRACT\DEBUG\DPADAPTIVEMEDIANBGS.OBJ
D:\GITHUB\BACKGROUNDSUBTRACT\BACKGROUNDSUBTRACT\DEBUG\DPEIGENBACKGROUNDBGS.OBJ
D:\GITHUB\BACKGROUNDSUBTRACT\BACKGROUNDSUBTRACT\DEBUG\DPGRIMSONGMMBGS.OBJ
D:\GITHUB\BACKGROUNDSUBTRACT\BACKGROUNDSUBTRACT\DEBUG\DPMEANBGS.OBJ
D:\GITHUB\BACKGROUNDSUBTRACT\BACKGROUNDSUBTRACT\DEBUG\DPPRATIMEDIODBGS.OBJ
D:\GITHUB\BACKGROUNDSUBTRACT\BACKGROUNDSUBTRACT\DEBUG\DPTEXTUREBGS.OBJ
D:\GITHUB\BACKGROUNDSUBTRACT\BACKGROUNDSUBTRACT\DEBUG\DPWRENGABGS.OBJ
D:\GITHUB\BACKGROUNDSUBTRACT\BACKGROUNDSUBTRACT\DEBUG\DPZIVKOVICAGMMBGS.OBJ
D:\GITHUB\BACKGROUNDSUBTRACT\BACKGROUNDSUBTRACT\DEBUG\EIGENBACKGROUND.OBJ
D:\GITHUB\BACKGROUNDSUBTRACT\BACKGROUNDSUBTRACT\DEBUG\ERROR.OBJ
D:\GITHUB\BACKGROUNDSUBTRACT\BACKGROUNDSUBTRACT\DEBUG\FOREGROUNDMASKANALYSIS.OBJ
D:\GITHUB\BACKGROUNDSUBTRACT\BACKGROUNDSUBTRACT\DEBUG\FRAMEDIFFERENCEBGS.OBJ
D:\GITHUB\BACKGROUNDSUBTRACT\BACKGROUNDSUBTRACT\DEBUG\FRAMEPROCESSOR.OBJ
D:\GITHUB\BACKGROUNDSUBTRACT\BACKGROUNDSUBTRACT\DEBUG\FUZZYCHOQUETINTEGRAL.OBJ
D:\GITHUB\BACKGROUNDSUBTRACT\BACKGROUNDSUBTRACT\DEBUG\FUZZYSUGENOINTEGRAL.OBJ
D:\GITHUB\BACKGROUNDSUBTRACT\BACKGROUNDSUBTRACT\DEBUG\FUZZYUTILS.OBJ
D:\GITHUB\BACKGROUNDSUBTRACT\BACKGROUNDSUBTRACT\DEBUG\GMG.OBJ
D:\GITHUB\BACKGROUNDSUBTRACT\BACKGROUNDSUBTRACT\DEBUG\GRAPH.OBJ
D:\GITHUB\BACKGROUNDSUBTRACT\BACKGROUNDSUBTRACT\DEBUG\GRIMSONGMM.OBJ
D:\GITHUB\BACKGROUNDSUBTRACT\BACKGROUNDSUBTRACT\DEBUG\IMAGE.OBJ
D:\GITHUB\BACKGROUNDSUBTRACT\BACKGROUNDSUBTRACT\DEBUG\IMBS.OBJ
D:\GITHUB\BACKGROUNDSUBTRACT\BACKGROUNDSUBTRACT\DEBUG\INDEPENDENTMULTIMODALBGS.OBJ
D:\GITHUB\BACKGROUNDSUBTRACT\BACKGROUNDSUBTRACT\DEBUG\KDE.OBJ
D:\GITHUB\BACKGROUNDSUBTRACT\BACKGROUNDSUBTRACT\DEBUG\KERNELTABLE.OBJ
D:\GITHUB\BACKGROUNDSUBTRACT\BACKGROUNDSUBTRACT\DEBUG\LBADAPTIVESOM.OBJ
D:\GITHUB\BACKGROUNDSUBTRACT\BACKGROUNDSUBTRACT\DEBUG\LBFUZZYADAPTIVESOM.OBJ
D:\GITHUB\BACKGROUNDSUBTRACT\BACKGROUNDSUBTRACT\DEBUG\LBFUZZYGAUSSIAN.OBJ
D:\GITHUB\BACKGROUNDSUBTRACT\BACKGROUNDSUBTRACT\DEBUG\LBMIXTUREOFGAUSSIANS.OBJ
D:\GITHUB\BACKGROUNDSUBTRACT\BACKGROUNDSUBTRACT\DEBUG\LBPMRF.OBJ
D:\GITHUB\BACKGROUNDSUBTRACT\BACKGROUNDSUBTRACT\DEBUG\LBSIMPLEGAUSSIAN.OBJ
D:\GitHub\BackgroundSubtract\BackgroundSubtract\Debug\link.5776.read.1.tlog
D:\GitHub\BackgroundSubtract\BackgroundSubtract\Debug\link.5776.write.1.tlog
D:\GitHub\BackgroundSubtract\BackgroundSubtract\Debug\link.5776-cvtres.read.1.tlog
D:\GitHub\BackgroundSubtract\BackgroundSubtract\Debug\link.5776-cvtres.write.1.tlog
D:\GitHub\BackgroundSubtract\BackgroundSubtract\Debug\link.command.1.tlog
D:\GitHub\BackgroundSubtract\BackgroundSubtract\Debug\link.read.1.tlog
D:\GitHub\BackgroundSubtract\BackgroundSubtract\Debug\link.write.1.tlog
D:\GitHub\BackgroundSubtract\BackgroundSubtract\Debug\link-cvtres.read.1.tlog
D:\GitHub\BackgroundSubtract\BackgroundSubtract\Debug\link-cvtres.write.1.tlog
D:\GITHUB\BACKGROUNDSUBTRACT\BACKGROUNDSUBTRACT\DEBUG\LOCALBINARYPATTERN.OBJ
D:\GITHUB\BACKGROUNDSUBTRACT\BACKGROUNDSUBTRACT\DEBUG\MAIN.OBJ
D:\GITHUB\BACKGROUNDSUBTRACT\BACKGROUNDSUBTRACT\DEBUG\MAXFLOW.OBJ
D:\GITHUB\BACKGROUNDSUBTRACT\BACKGROUNDSUBTRACT\DEBUG\MEANBGS.OBJ
D:\GITHUB\BACKGROUNDSUBTRACT\BACKGROUNDSUBTRACT\DEBUG\MEDEFS.OBJ
D:\GITHUB\BACKGROUNDSUBTRACT\BACKGROUNDSUBTRACT\DEBUG\MEHISTOGRAM.OBJ
D:\GITHUB\BACKGROUNDSUBTRACT\BACKGROUNDSUBTRACT\DEBUG\MEIMAGE.OBJ
D:\GITHUB\BACKGROUNDSUBTRACT\BACKGROUNDSUBTRACT\DEBUG\MIXTUREOFGAUSSIANV1BGS.OBJ
D:\GITHUB\BACKGROUNDSUBTRACT\BACKGROUNDSUBTRACT\DEBUG\MIXTUREOFGAUSSIANV2BGS.OBJ
D:\GITHUB\BACKGROUNDSUBTRACT\BACKGROUNDSUBTRACT\DEBUG\MOTIONDETECTION.OBJ
D:\GITHUB\BACKGROUNDSUBTRACT\BACKGROUNDSUBTRACT\DEBUG\MRF.OBJ
D:\GitHub\BackgroundSubtract\BackgroundSubtract\Debug\mt.command.1.tlog
D:\GitHub\BackgroundSubtract\BackgroundSubtract\Debug\mt.read.1.tlog
D:\GitHub\BackgroundSubtract\BackgroundSubtract\Debug\mt.write.1.tlog
D:\GITHUB\BACKGROUNDSUBTRACT\BACKGROUNDSUBTRACT\DEBUG\MULTILAYERBGS.OBJ
D:\GITHUB\BACKGROUNDSUBTRACT\BACKGROUNDSUBTRACT\DEBUG\MYBGS.OBJ
D:\GITHUB\BACKGROUNDSUBTRACT\BACKGROUNDSUBTRACT\DEBUG\NPBGMODEL.OBJ
D:\GITHUB\BACKGROUNDSUBTRACT\BACKGROUNDSUBTRACT\DEBUG\NPBGSUBTRACTOR.OBJ
D:\GITHUB\BACKGROUNDSUBTRACT\BACKGROUNDSUBTRACT\DEBUG\PBAS.OBJ
D:\GITHUB\BACKGROUNDSUBTRACT\BACKGROUNDSUBTRACT\DEBUG\PERFORMANCEUTILS.OBJ
D:\GITHUB\BACKGROUNDSUBTRACT\BACKGROUNDSUBTRACT\DEBUG\PIXELBASEDADAPTIVESEGMENTER.OBJ
D:\GITHUB\BACKGROUNDSUBTRACT\BACKGROUNDSUBTRACT\DEBUG\PIXELUTILS.OBJ
D:\GITHUB\BACKGROUNDSUBTRACT\BACKGROUNDSUBTRACT\DEBUG\PRATIMEDIODBGS.OBJ
D:\GITHUB\BACKGROUNDSUBTRACT\BACKGROUNDSUBTRACT\DEBUG\PREPROCESSOR.OBJ
D:\GitHub\BackgroundSubtract\BackgroundSubtract\Debug\rc.command.1.tlog
D:\GitHub\BackgroundSubtract\BackgroundSubtract\Debug\rc.read.1.tlog
D:\GitHub\BackgroundSubtract\BackgroundSubtract\Debug\rc.write.1.tlog
D:\GITHUB\BACKGROUNDSUBTRACT\BACKGROUNDSUBTRACT\DEBUG\STATICFRAMEDIFFERENCEBGS.OBJ
D:\GITHUB\BACKGROUNDSUBTRACT\BACKGROUNDSUBTRACT\DEBUG\T2FGMM.OBJ
D:\GITHUB\BACKGROUNDSUBTRACT\BACKGROUNDSUBTRACT\DEBUG\T2FGMM_UM.OBJ
D:\GITHUB\BACKGROUNDSUBTRACT\BACKGROUNDSUBTRACT\DEBUG\T2FGMM_UV.OBJ
D:\GITHUB\BACKGROUNDSUBTRACT\BACKGROUNDSUBTRACT\DEBUG\T2FMRF.OBJ
D:\GITHUB\BACKGROUNDSUBTRACT\BACKGROUNDSUBTRACT\DEBUG\T2FMRF_UM.OBJ
D:\GITHUB\BACKGROUNDSUBTRACT\BACKGROUNDSUBTRACT\DEBUG\T2FMRF_UV.OBJ
D:\GITHUB\BACKGROUNDSUBTRACT\BACKGROUNDSUBTRACT\DEBUG\TBACKGROUND.OBJ
D:\GITHUB\BACKGROUNDSUBTRACT\BACKGROUNDSUBTRACT\DEBUG\TBACKGROUNDVUMETER.OBJ
D:\GITHUB\BACKGROUNDSUBTRACT\BACKGROUNDSUBTRACT\DEBUG\TEXTUREBGS.OBJ
D:\GitHub\BackgroundSubtract\BackgroundSubtract\Debug\vc100.idb
D:\GITHUB\BACKGROUNDSUBTRACT\BACKGROUNDSUBTRACT\DEBUG\VC100.PDB
D:\GITHUB\BACKGROUNDSUBTRACT\BACKGROUNDSUBTRACT\DEBUG\VIDEOANALYSIS.OBJ
D:\GITHUB\BACKGROUNDSUBTRACT\BACKGROUNDSUBTRACT\DEBUG\VIDEOCAPTURE.OBJ
D:\GITHUB\BACKGROUNDSUBTRACT\BACKGROUNDSUBTRACT\DEBUG\VUMETER.OBJ
D:\GITHUB\BACKGROUNDSUBTRACT\BACKGROUNDSUBTRACT\DEBUG\WEIGHTEDMOVINGMEANBGS.OBJ
D:\GITHUB\BACKGROUNDSUBTRACT\BACKGROUNDSUBTRACT\DEBUG\WEIGHTEDMOVINGVARIANCEBGS.OBJ
D:\GITHUB\BACKGROUNDSUBTRACT\BACKGROUNDSUBTRACT\DEBUG\WRENGA.OBJ
D:\GITHUB\BACKGROUNDSUBTRACT\BACKGROUNDSUBTRACT\DEBUG\ZIVKOVICAGMM.OBJ
D:\GITHUB\BACKGROUNDSUBTRACT\DEBUG\BACKGROUNDSUBTRACT.EXE
D:\GITHUB\BACKGROUNDSUBTRACT\DEBUG\BACKGROUNDSUBTRACT.ILK
D:\GITHUB\BACKGROUNDSUBTRACT\DEBUG\BACKGROUNDSUBTRACT.PDB
