Build started 11/14/2015 12:06:51 PM.
     1>Project "D:\GitHub\BackgroundSubtract\BackgroundSubtract\BackgroundSubtract.vcxproj" on node 2 (build target(s)).
     1>InitializeBuildStatus:
         Creating "Debug\BackgroundSubtract.unsuccessfulbuild" because "AlwaysCreate" was specified.
       ClCompile:
         C:\Program Files (x86)\Microsoft Visual Studio 10.0\VC\bin\CL.exe /c /ID:\opencv247\build\x86\vc10\..\..\include /ZI /nologo /W3 /WX- /Od /Oy- /D _MBCS /D _AFXDLL /Gm /EHsc /RTC1 /MDd /GS /fp:precise /Zc:wchar_t /Zc:forScope /Fo"Debug\\" /Fd"Debug\vc100.pdb" /Gd /TP /analyze- /errorReport:prompt Demo.cpp
         Demo.cpp
     1>c:\opencv247\build\include\opencv2\flann\logger.h(66): warning C4996: 'fopen': This function or variable may be unsafe. Consider using fopen_s instead. To disable deprecation, use _CRT_SECURE_NO_WARNINGS. See online help for details.
                 c:\program files (x86)\microsoft visual studio 10.0\vc\include\stdio.h(234) : see declaration of 'fopen'
     1>d:\github\backgroundsubtract\backgroundsubtract\package_bgs\lb\bgmodelfuzzygauss.h(46): warning C4305: 'initializing' : truncation from 'double' to 'const float'
     1>d:\github\backgroundsubtract\backgroundsubtract\package_bgs\lb\bgmodelsom.h(58): warning C4305: 'initializing' : truncation from 'double' to 'const float'
       ManifestResourceCompile:
         All outputs are up-to-date.
       Link:
         C:\Program Files (x86)\Microsoft Visual Studio 10.0\VC\bin\link.exe /ERRORREPORT:PROMPT /OUT:"D:\GitHub\BackgroundSubtract\Debug\BackgroundSubtract.exe" /INCREMENTAL /NOLOGO /LIBPATH:D:\opencv247\build\x86\vc10\lib /LIBPATH:D:\opencv247\build\x86\vc10\bin opencv_calib3d249d.lib opencv_contrib249d.lib opencv_core249d.lib opencv_features2d249d.lib opencv_flann249d.lib opencv_gpu249d.lib opencv_highgui249d.lib opencv_imgproc249d.lib opencv_legacy249d.lib opencv_ml249d.lib opencv_nonfree249d.lib opencv_objdetect249d.lib opencv_ocl249d.lib opencv_photo249d.lib opencv_stitching249d.lib opencv_superres249d.lib opencv_ts249d.lib opencv_video249d.lib opencv_videostab249d.lib /MANIFEST /ManifestFile:"Debug\BackgroundSubtract.exe.intermediate.manifest" /MANIFESTUAC:"level='asInvoker' uiAccess='false'" /DEBUG /PDB:"D:\GitHub\BackgroundSubtract\Debug\BackgroundSubtract.pdb" /TLBID:1 /DYNAMICBASE /NXCOMPAT /IMPLIB:"D:\GitHub\BackgroundSubtract\Debug\BackgroundSubtract.lib" /MACHINE:X86 Debug\BackgroundSubtract.exe.embed.manifest.res
         Debug\Demo.obj
         Debug\ForegroundMaskAnalysis.obj
         Debug\AdaptiveBackgroundLearning.obj
         Debug\AdaptiveSelectiveBackgroundLearning.obj
         Debug\KDE.obj
         Debug\KernelTable.obj
         Debug\NPBGmodel.obj
         Debug\NPBGSubtractor.obj
         Debug\TBackground.obj
         Debug\TBackgroundVuMeter.obj
         Debug\VuMeter.obj
         Debug\graph.obj
         Debug\LbpMrf.obj
         Debug\maxflow.obj
         Debug\MEDefs.obj
         Debug\MEHistogram.obj
         Debug\MEImage.obj
         Debug\MotionDetection.obj
         Debug\imbs.obj
         Debug\IndependentMultimodalBGS.obj
         Debug\AdaptiveMedianBGS.obj
         Debug\DPAdaptiveMedianBGS.obj
         Debug\DPEigenbackgroundBGS.obj
         Debug\DPGrimsonGMMBGS.obj
         Debug\DPMeanBGS.obj
         Debug\DPPratiMediodBGS.obj
         Debug\DPTextureBGS.obj
         Debug\DPWrenGABGS.obj
         Debug\DPZivkovicAGMMBGS.obj
         Debug\Eigenbackground.obj
         Debug\Error.obj
         Debug\GrimsonGMM.obj
         Debug\Image.obj
         Debug\MeanBGS.obj
         Debug\PratiMediodBGS.obj
         Debug\TextureBGS.obj
         Debug\WrenGA.obj
         Debug\ZivkovicAGMM.obj
         Debug\FrameDifferenceBGS.obj
         Debug\GMG.obj
         Debug\blob.obj
         Debug\BlobExtraction.obj
         Debug\BlobResult.obj
         Debug\CMultiLayerBGS.obj
         Debug\LocalBinaryPattern.obj
         Debug\MultiLayerBGS.obj
         Debug\BGModel.obj
         Debug\BGModelFuzzyGauss.obj
         Debug\BGModelFuzzySom.obj
         Debug\BGModelGauss.obj
         Debug\BGModelMog.obj
         Debug\BGModelSom.obj
         Debug\LBAdaptiveSOM.obj
         Debug\LBFuzzyAdaptiveSOM.obj
         Debug\LBFuzzyGaussian.obj
         Debug\LBMixtureOfGaussians.obj
         Debug\LBSimpleGaussian.obj
         Debug\MixtureOfGaussianV1BGS.obj
         Debug\MixtureOfGaussianV2BGS.obj
         Debug\MyBGS.obj
         Debug\PBAS.obj
         Debug\PixelBasedAdaptiveSegmenter.obj
         Debug\StaticFrameDifferenceBGS.obj
         Debug\FuzzyChoquetIntegral.obj
         Debug\FuzzySugenoIntegral.obj
         Debug\FuzzyUtils.obj
         Debug\MRF.obj
         Debug\PerformanceUtils.obj
         Debug\PixelUtils.obj
         Debug\T2FGMM.obj
         Debug\T2FGMM_UM.obj
         Debug\T2FGMM_UV.obj
         Debug\T2FMRF.obj
         Debug\T2FMRF_UM.obj
         Debug\T2FMRF_UV.obj
         Debug\WeightedMovingMeanBGS.obj
         Debug\WeightedMovingVarianceBGS.obj
       Manifest:
         C:\Program Files (x86)\Microsoft SDKs\Windows\v7.0A\bin\mt.exe /nologo /verbose /out:"Debug\BackgroundSubtract.exe.embed.manifest" /manifest Debug\BackgroundSubtract.exe.intermediate.manifest "C:\Program Files (x86)\Microsoft Visual Studio 10.0\VC\Include\Manifest\dpiaware.manifest"
         All outputs are up-to-date.
       LinkEmbedManifest:
         All outputs are up-to-date.
         BackgroundSubtract.vcxproj -> D:\GitHub\BackgroundSubtract\Debug\BackgroundSubtract.exe
       FinalizeBuildStatus:
         Deleting file "Debug\BackgroundSubtract.unsuccessfulbuild".
         Touching "Debug\BackgroundSubtract.lastbuildstate".
     1>Done Building Project "D:\GitHub\BackgroundSubtract\BackgroundSubtract\BackgroundSubtract.vcxproj" (build target(s)).

Build succeeded.

Time Elapsed 00:00:02.94
